Build started 2013/05/01 12:24:32.
Project "C:\Data\Projects\Tests\Trackmatic.Figs\Trackmatic.Figs.Tests\bin\Debug\sample.proj" on node 1 (default targets).
Building with tools version "4.0".
Target "Build" in project "C:\Data\Projects\Tests\Trackmatic.Figs\Trackmatic.Figs.Tests\bin\Debug\sample.proj" (entry point):
C:\Data\Projects\Tests\Trackmatic.Figs\Trackmatic.Figs.Tests\bin\Debug\sample.proj(5,5): error MSB4062: The "Figs" task could not be loaded from the assembly C:\Data\Projects\Tests\Trackmatic.Figs\Trackmatic.Figs.Tests\bin\Debug\Trackmatic.Figs.dll.  Confirm that the <UsingTask> declaration is correct, that the assembly and all its dependencies are available, and that the task contains a public class that implements Microsoft.Build.Framework.ITask.
Done building target "Build" in project "sample.proj" -- FAILED.
Done Building Project "C:\Data\Projects\Tests\Trackmatic.Figs\Trackmatic.Figs.Tests\bin\Debug\sample.proj" (default targets) -- FAILED.


Build FAILED.

"C:\Data\Projects\Tests\Trackmatic.Figs\Trackmatic.Figs.Tests\bin\Debug\sample.proj" (default target) (1) ->
(Build target) -> 
  C:\Data\Projects\Tests\Trackmatic.Figs\Trackmatic.Figs.Tests\bin\Debug\sample.proj(5,5): error MSB4062: The "Figs" task could not be loaded from the assembly C:\Data\Projects\Tests\Trackmatic.Figs\Trackmatic.Figs.Tests\bin\Debug\Trackmatic.Figs.dll.  Confirm that the <UsingTask> declaration is correct, that the assembly and all its dependencies are available, and that the task contains a public class that implements Microsoft.Build.Framework.ITask.

    0 Warning(s)
    1 Error(s)

Time Elapsed 00:00:00.02
